<?xml version="1.0" encoding="UTF-8"?>
<!-- Generated by org.testng.reporters.JUnitReportReporter -->
<testsuite skipped="0" hostname="DESKTOP-OKSIFI8" name="com.syntaxPractices.DataProviderPtacticePartTwo" tests="3" failures="0" timestamp="30 Jun 2019 19:01:49 GMT" time="0.030" errors="0">
  <testcase name="testMethodOne" time="0.015" classname="com.syntaxPractices.DataProviderPtacticePartTwo"/>
  <testcase name="testMethodOne" time="0.000" classname="com.syntaxPractices.DataProviderPtacticePartTwo"/>
  <testcase name="testMethodOne" time="0.015" classname="com.syntaxPractices.DataProviderPtacticePartTwo"/>
</testsuite> <!-- com.syntaxPractices.DataProviderPtacticePartTwo -->
