<?xml version="1.0" encoding="UTF-8"?>
<!-- Generated by org.testng.reporters.JUnitReportReporter -->
<testsuite skipped="0" hostname="DESKTOP-OKSIFI8" name="com.syntax.testcase.DataProviderPractice" tests="3" failures="0" timestamp="26 Jun 2019 15:30:31 GMT" time="0.024" errors="0">
  <testcase name="testMthod1" time="0.004" classname="com.syntax.testcase.DataProviderPractice"/>
  <testcase name="testMthod1" time="0.000" classname="com.syntax.testcase.DataProviderPractice"/>
  <testcase name="testMthod1" time="0.020" classname="com.syntax.testcase.DataProviderPractice"/>
</testsuite> <!-- com.syntax.testcase.DataProviderPractice -->
