<?xml version="1.0" encoding="UTF-8"?>
<!-- Generated by org.testng.reporters.JUnitReportReporter -->
<testsuite skipped="0" hostname="DESKTOP-OKSIFI8" name="com.syntaxPractices.TestNGGrouping" tests="4" failures="0" timestamp="30 Jun 2019 19:10:01 GMT" time="0.020" errors="0">
  <testcase name="toyata" time="0.002" classname="com.syntaxPractices.TestNGGrouping"/>
  <testcase name="ford" time="0.007" classname="com.syntaxPractices.TestNGGrouping"/>
  <testcase name="honda" time="0.005" classname="com.syntaxPractices.TestNGGrouping"/>
  <testcase name="nissan" time="0.006" classname="com.syntaxPractices.TestNGGrouping"/>
</testsuite> <!-- com.syntaxPractices.TestNGGrouping -->
