<?xml version="1.0" encoding="UTF-8"?>
<!-- Generated by org.testng.reporters.JUnitReportReporter -->
<testsuite skipped="0" hostname="DESKTOP-OKSIFI8" name="com.syntaxPractices.ExcelWriteDemo" tests="1" failures="0" timestamp="30 Jun 2019 19:05:10 GMT" time="1.119" errors="0">
  <testcase name="writeExcel" time="1.119" classname="com.syntaxPractices.ExcelWriteDemo"/>
</testsuite> <!-- com.syntaxPractices.ExcelWriteDemo -->
