<?xml version="1.0" encoding="UTF-8"?>
<!-- Generated by org.testng.reporters.JUnitReportReporter -->
<testsuite skipped="2" hostname="DESKTOP-OKSIFI8" name="com.syntax.testcase.LoginPageTest" tests="3" failures="0" timestamp="24 Jun 2019 23:48:18 GMT" time="35.023" errors="0">
  <testcase name="negativeLogin" time="35.023" classname="com.syntax.testcase.LoginPageTest"/>
  <testcase name="doLogin" classname="com.syntax.testcase.LoginPageTest">
    <skipped/>
  </testcase> <!-- doLogin -->
  <testcase name="loginToOrangeHRM" classname="com.syntax.testcase.LoginPageTest">
    <skipped/>
  </testcase> <!-- loginToOrangeHRM -->
</testsuite> <!-- com.syntax.testcase.LoginPageTest -->
