<?xml version="1.0" encoding="UTF-8"?>
<!-- Generated by org.testng.reporters.JUnitReportReporter -->
<testsuite skipped="0" hostname="DESKTOP-OKSIFI8" name="com.syntax.ExcelReview" tests="1" failures="0" timestamp="27 Jun 2019 16:30:22 GMT" time="0.867" errors="0">
  <testcase name="readExcel" time="0.867" classname="com.syntax.ExcelReview"/>
</testsuite> <!-- com.syntax.ExcelReview -->
