<?xml version="1.0" encoding="UTF-8"?>
<!-- Generated by org.testng.reporters.JUnitReportReporter -->
<testsuite skipped="1" hostname="DESKTOP-OKSIFI8" name="com.syntax.testcase.LoginPageTestPractice" tests="2" failures="0" timestamp="23 Jun 2019 01:57:09 GMT" time="12.063" errors="0">
  <testcase name="loginInvalid" time="12.063" classname="com.syntax.testcase.LoginPageTestPractice"/>
  <testcase name="login" classname="com.syntax.testcase.LoginPageTestPractice">
    <skipped/>
  </testcase> <!-- login -->
</testsuite> <!-- com.syntax.testcase.LoginPageTestPractice -->
