<?xml version="1.0" encoding="UTF-8"?>
<!-- Generated by org.testng.reporters.JUnitReportReporter -->
<testsuite skipped="0" hostname="DESKTOP-OKSIFI8" name="com.syntax.testcase.DataProviderPtacticePartTwo" tests="3" failures="0" timestamp="26 Jun 2019 16:05:53 GMT" time="0.020" errors="0">
  <testcase name="testMethodOne" time="0.012" classname="com.syntax.testcase.DataProviderPtacticePartTwo"/>
  <testcase name="testMethodOne" time="0.004" classname="com.syntax.testcase.DataProviderPtacticePartTwo"/>
  <testcase name="testMethodOne" time="0.004" classname="com.syntax.testcase.DataProviderPtacticePartTwo"/>
</testsuite> <!-- com.syntax.testcase.DataProviderPtacticePartTwo -->
