<?xml version="1.0" encoding="UTF-8"?>
<!-- Generated by org.testng.reporters.JUnitReportReporter -->
<testsuite skipped="0" hostname="DESKTOP-OKSIFI8" name="com.syntax.testcase.DataProviderPtacticeTwo" tests="3" failures="0" timestamp="26 Jun 2019 15:41:07 GMT" time="0.024" errors="0">
  <testcase name="testMethodOne" time="0.008" classname="com.syntax.testcase.DataProviderPtacticeTwo"/>
  <testcase name="testMethodOne" time="0.004" classname="com.syntax.testcase.DataProviderPtacticeTwo"/>
  <testcase name="testMethodOne" time="0.012" classname="com.syntax.testcase.DataProviderPtacticeTwo"/>
</testsuite> <!-- com.syntax.testcase.DataProviderPtacticeTwo -->
