<?xml version="1.0" encoding="UTF-8"?>
<!-- Generated by org.testng.reporters.JUnitReportReporter -->
<testsuite skipped="0" hostname="DESKTOP-OKSIFI8" name="com.syntax.testcase.ExcelFunctionsTest" tests="1" failures="0" timestamp="28 Jun 2019 12:48:09 GMT" time="0.911" errors="0">
  <testcase name="excelText" time="0.911" classname="com.syntax.testcase.ExcelFunctionsTest"/>
</testsuite> <!-- com.syntax.testcase.ExcelFunctionsTest -->
