<?xml version="1.0" encoding="UTF-8"?>
<!-- Generated by org.testng.reporters.JUnitReportReporter -->
<testsuite skipped="0" hostname="DESKTOP-OKSIFI8" name="com.syntax.testcase.LoginTestPracticeTwo" tests="2" failures="0" timestamp="23 Jun 2019 19:59:00 GMT" time="26.000" errors="0">
  <testcase name="logginIn" time="12.483" classname="com.syntax.testcase.LoginTestPracticeTwo"/>
  <testcase name="doLogIn" time="13.517" classname="com.syntax.testcase.LoginTestPracticeTwo"/>
</testsuite> <!-- com.syntax.testcase.LoginTestPracticeTwo -->
